<?xml version="1.0" encoding="UTF-8"?>
<!-- Generated by org.testng.reporters.JUnitReportReporter -->
<testsuite skipped="0" hostname="IN-7SMH5H2" name="com.snm.test.POC2" tests="3" failures="0" timestamp="24 Feb 2019 16:02:42 GMT" time="0.005" errors="0">
  <testcase name="method4" time="0.003" classname="com.snm.test.POC2"/>
  <testcase name="method5" time="0.001" classname="com.snm.test.POC2"/>
  <testcase name="method6" time="0.001" classname="com.snm.test.POC2"/>
</testsuite> <!-- com.snm.test.POC2 -->
