<?xml version="1.0" encoding="UTF-8"?>
<!-- Generated by org.testng.reporters.JUnitReportReporter -->
<testsuite skipped="0" hostname="IN-7SMH5H2" name="junk.TestListeners1" tests="1" failures="0" timestamp="22 Feb 2019 13:26:13 GMT" time="0.011" errors="0">
  <testcase name="method2" time="0.011" classname="junk.TestListeners1"/>
</testsuite> <!-- junk.TestListeners1 -->
