<?xml version="1.0" encoding="UTF-8"?>
<!-- Generated by org.testng.reporters.JUnitReportReporter -->
<testsuite skipped="0" hostname="IN-7SMH5H2" name="com.snm.test.SNM_Configurations" tests="1" failures="0" timestamp="25 Mar 2019 17:39:15 GMT" time="28.647" errors="0">
  <testcase name="createMS" time="28.647" classname="com.snm.test.SNM_Configurations"/>
</testsuite> <!-- com.snm.test.SNM_Configurations -->
