<?xml version="1.0" encoding="UTF-8"?>
<!-- Generated by org.testng.reporters.JUnitReportReporter -->
<testsuite skipped="0" hostname="IN-7SMH5H2" name="com.snm.test.POC1" tests="3" failures="0" timestamp="24 Feb 2019 16:02:42 GMT" time="0.014" errors="0">
  <testcase name="method2" time="0.004" classname="com.snm.test.POC1"/>
  <testcase name="method1" time="0.008" classname="com.snm.test.POC1"/>
  <testcase name="method3" time="0.002" classname="com.snm.test.POC1"/>
</testsuite> <!-- com.snm.test.POC1 -->
