<?xml version="1.0" encoding="UTF-8"?>
<!-- Generated by org.testng.reporters.JUnitReportReporter -->
<testsuite skipped="0" hostname="IN-7SMH5H2" name="com.snm.test.SampleTest" tests="1" failures="0" timestamp="19 Feb 2019 16:12:46 GMT" time="5.564" errors="0">
  <testcase name="fetchDirectoryData" time="5.564" classname="com.snm.test.SampleTest"/>
</testsuite> <!-- com.snm.test.SampleTest -->
