<?xml version="1.0" encoding="UTF-8"?>
<!-- Generated by org.testng.reporters.JUnitReportReporter -->
<testsuite skipped="0" hostname="IN-7SMH5H2" name="demo.ClassTwo" tests="5" failures="0" timestamp="17 Mar 2019 11:31:25 GMT" time="0.009" errors="0">
  <testcase name="testFiveClassTwo" time="0.001" classname="demo.ClassTwo"/>
  <testcase name="testThreeClassTwo" time="0.002" classname="demo.ClassTwo"/>
  <testcase name="testTwoClassTwo" time="0.003" classname="demo.ClassTwo"/>
  <testcase name="testOneClassTwo" time="0.002" classname="demo.ClassTwo"/>
  <testcase name="testFourClassTwo" time="0.001" classname="demo.ClassTwo"/>
</testsuite> <!-- demo.ClassTwo -->
