<?xml version="1.0" encoding="UTF-8"?>
<!-- Generated by org.testng.reporters.JUnitReportReporter -->
<testsuite skipped="0" hostname="IN-7SMH5H2" name="com.snm.test.WindowHandles" tests="1" failures="0" timestamp="21 Feb 2019 16:34:22 GMT" time="28.098" errors="0">
  <testcase name="createGatewayRoutingNumbers" time="28.098" classname="com.snm.test.WindowHandles"/>
</testsuite> <!-- com.snm.test.WindowHandles -->
