<?xml version="1.0" encoding="UTF-8"?>
<!-- Generated by org.testng.reporters.JUnitReportReporter -->
<testsuite skipped="0" hostname="IN-7SMH5H2" name="demo.ClassThree" tests="4" failures="0" timestamp="17 Mar 2019 11:31:25 GMT" time="0.007" errors="0">
  <testcase name="testOneClassThree" time="0.002" classname="demo.ClassThree"/>
  <testcase name="testFiveClassThree" time="0.002" classname="demo.ClassThree"/>
  <testcase name="testTwoClassThree" time="0.002" classname="demo.ClassThree"/>
  <testcase name="testFourClassThree" time="0.001" classname="demo.ClassThree"/>
</testsuite> <!-- demo.ClassThree -->
