<?xml version="1.0" encoding="UTF-8"?>
<!-- Generated by org.testng.reporters.JUnitReportReporter -->
<testsuite skipped="0" hostname="IN-7SMH5H2" name="demo2.Itest" tests="1" failures="0" timestamp="22 Feb 2019 23:19:13 GMT" time="0.139" errors="0">
  <testcase name="method" time="0.139" classname="demo2.Itest"/>
</testsuite> <!-- demo2.Itest -->
