<?xml version="1.0" encoding="UTF-8"?>
<!-- Generated by org.testng.reporters.JUnitReportReporter -->
<testsuite skipped="0" hostname="IN-7SMH5H2" name="com.pm.test.ValidatePMLoginCredentials" tests="4" failures="0" timestamp="17 May 2019 19:10:25 GMT" time="37.592" errors="0">
  <testcase name="validPMUsernameInvalidPassword" time="9.373" classname="com.pm.test.ValidatePMLoginCredentials"/>
  <testcase name="invalidPMUsernameValidPassword" time="10.200" classname="com.pm.test.ValidatePMLoginCredentials"/>
  <testcase name="invalidPMUsernameInvalidPassword" time="8.485" classname="com.pm.test.ValidatePMLoginCredentials"/>
  <testcase name="validatePMValidLoginCredentails" time="9.534" classname="com.pm.test.ValidatePMLoginCredentials"/>
</testsuite> <!-- com.pm.test.ValidatePMLoginCredentials -->
