<?xml version="1.0" encoding="UTF-8"?>
<!-- Generated by org.testng.reporters.JUnitReportReporter -->
<testsuite skipped="0" hostname="IN-7SMH5H2" name="com.pm.test.SimpleTest" tests="1" failures="0" timestamp="17 May 2019 13:26:21 GMT" time="0.013" errors="0">
  <testcase name="main" time="0.013" classname="com.pm.test.SimpleTest"/>
</testsuite> <!-- com.pm.test.SimpleTest -->
