<?xml version="1.0" encoding="UTF-8"?>
<!-- Generated by org.testng.reporters.JUnitReportReporter -->
<testsuite skipped="0" hostname="IN-7SMH5H2" name="demo1.Test2" tests="1" failures="0" timestamp="22 Feb 2019 23:19:03 GMT" time="0.117" errors="0">
  <testcase name="method" time="0.117" classname="demo1.Test2"/>
</testsuite> <!-- demo1.Test2 -->
