<?xml version="1.0" encoding="UTF-8"?>
<!-- Generated by org.testng.reporters.JUnitReportReporter -->
<testsuite skipped="0" hostname="IN-7SMH5H2" name="junk.TestNGAnnotations" tests="2" failures="0" timestamp="12 Feb 2019 15:29:36 GMT" time="0.016" errors="0">
  <testcase name="testMethod2" time="0.000" classname="junk.TestNGAnnotations"/>
  <testcase name="testMethod1" time="0.016" classname="junk.TestNGAnnotations"/>
</testsuite> <!-- junk.TestNGAnnotations -->
