<?xml version="1.0" encoding="UTF-8"?>
<!-- Generated by org.testng.reporters.JUnitReportReporter -->
<testsuite skipped="0" hostname="IN-7SMH5H2" name="demo.Test1" tests="1" failures="0" timestamp="22 Feb 2019 23:18:52 GMT" time="0.124" errors="0">
  <testcase name="method" time="0.124" classname="demo.Test1"/>
</testsuite> <!-- demo.Test1 -->
