<?xml version="1.0" encoding="UTF-8"?>
<!-- Generated by org.testng.reporters.JUnitReportReporter -->
<testsuite skipped="0" hostname="IN-7SMH5H2" name="demo.ClassOne" tests="5" failures="0" timestamp="19 Mar 2019 05:57:16 GMT" time="0.020" errors="0">
  <testcase name="xiomi" time="0.002" classname="demo.ClassOne"/>
  <testcase name="modifyUser" time="0.002" classname="demo.ClassOne"/>
  <testcase name="createUser" time="0.011" classname="demo.ClassOne"/>
  <testcase name="viewUser" time="0.003" classname="demo.ClassOne"/>
  <testcase name="deleteUser" time="0.002" classname="demo.ClassOne"/>
</testsuite> <!-- demo.ClassOne -->
