<?xml version="1.0" encoding="UTF-8"?>
<!-- Generated by org.testng.reporters.JUnitReportReporter -->
<testsuite skipped="0" hostname="IN-7SMH5H2" name="demo.Priorityy" tests="4" failures="0" timestamp="17 Mar 2019 11:39:14 GMT" time="0.022" errors="0">
  <testcase name="decreaseQty" time="0.002" classname="demo.Priorityy"/>
  <testcase name="increaseQty" time="0.018" classname="demo.Priorityy"/>
  <testcase name="removeFromCart" time="0.000" classname="demo.Priorityy"/>
  <testcase name="emptyCart" time="0.002" classname="demo.Priorityy"/>
</testsuite> <!-- demo.Priorityy -->
